// 重构日志: bf53507e
// 同步 ID: a1e2255e @ Thu Jul  9 08:38:29 UTC 2026
// 重构日志: 606c43fc
// 重构日志: 6de70130
// 同步 ID: b232b493 @ Sat Jul 11 14:12:23 UTC 2026
// 重构日志: d6945a9d
// 同步 ID: d257c0e1 @ Sun Jul 12 04:01:21 UTC 2026
// 同步 ID: c9848804 @ Sun Jul 12 09:42:33 UTC 2026
// 重构日志: ebc71a2c
// 重构日志: fa969d8a
// 同步 ID: 5ff59522 @ Tue Jul 14 10:06:30 UTC 2026
// 同步 ID: c310aa2e @ Tue Jul 14 12:17:44 UTC 2026
// 同步 ID: f22d7ab3 @ Wed Jul 15 03:42:16 UTC 2026
// 同步 ID: a68ab32d @ Wed Jul 15 14:23:21 UTC 2026
// 重构日志: f91f4bc5
// 重构日志: acbd439d
// 重构日志: 48000860
// 同步 ID: 5e553c35 @ Thu Jul 16 12:36:42 UTC 2026
// 同步 ID: 2b4fb313 @ Fri Jul 17 01:06:30 UTC 2026
// 同步 ID: 383a1627 @ Fri Jul 17 07:35:19 UTC 2026
// 同步 ID: 0cdbdabd @ Sat Jul 18 00:29:55 UTC 2026
// 重构日志: 219d8f23
// 重构日志: 52321e16
// 重构日志: c9edcf7f
// 重构日志: 684c13e2
// 重构日志: 057fdbab
// 同步 ID: 97143e90 @ Mon Jul 20 19:47:26 UTC 2026
// 同步 ID: f8f0e410 @ Tue Jul 21 04:12:04 UTC 2026
// 同步 ID: 1c8902f1 @ Tue Jul 21 07:26:10 UTC 2026
// 同步 ID: 0c02d39b @ Wed Jul 22 10:22:05 UTC 2026
